  color_pulse_by_device_index.cpp
D:\Descargas\CUESDK_3.0.301\CUESDK\examples\color_pulse_by_device_index\color_pulse_by_device_index\color_pulse_by_device_index.cpp(180,21): warning C4305: 'inicializando': truncamiento de 'double' a 'float'
D:\Descargas\CUESDK_3.0.301\CUESDK\examples\color_pulse_by_device_index\color_pulse_by_device_index\color_pulse_by_device_index.cpp(181,15): warning C4244: 'inicializando': conversión de 'double' a 'float'; posible pérdida de datos
D:\Descargas\CUESDK_3.0.301\CUESDK\examples\color_pulse_by_device_index\color_pulse_by_device_index\color_pulse_by_device_index.cpp(183,17): warning C4244: 'return': conversión de 'double' a 'float'; posible pérdida de datos
D:\Descargas\CUESDK_3.0.301\CUESDK\examples\color_pulse_by_device_index\color_pulse_by_device_index\color_pulse_by_device_index.cpp(190,10): warning C4244: 'return': conversión de 'int' a 'float'; posible pérdida de datos
D:\Descargas\CUESDK_3.0.301\CUESDK\examples\color_pulse_by_device_index\color_pulse_by_device_index\color_pulse_by_device_index.cpp(193,10): warning C4244: 'return': conversión de 'int' a 'float'; posible pérdida de datos
D:\Descargas\CUESDK_3.0.301\CUESDK\examples\color_pulse_by_device_index\color_pulse_by_device_index\color_pulse_by_device_index.cpp(232,46): warning C4305: '+=': truncamiento de 'double' a 'float'
D:\Descargas\CUESDK_3.0.301\CUESDK\examples\color_pulse_by_device_index\color_pulse_by_device_index\color_pulse_by_device_index.cpp(237,67): warning C4244: 'argumento': conversión de 'double' a 'float'; posible pérdida de datos
D:\Descargas\CUESDK_3.0.301\CUESDK\examples\color_pulse_by_device_index\color_pulse_by_device_index\color_pulse_by_device_index.cpp(237,74): warning C4244: '=': conversión de 'float' a 'int'; posible pérdida de datos
D:\Descargas\CUESDK_3.0.301\CUESDK\examples\color_pulse_by_device_index\color_pulse_by_device_index\color_pulse_by_device_index.cpp(238,67): warning C4244: 'argumento': conversión de 'double' a 'float'; posible pérdida de datos
D:\Descargas\CUESDK_3.0.301\CUESDK\examples\color_pulse_by_device_index\color_pulse_by_device_index\color_pulse_by_device_index.cpp(238,74): warning C4244: '=': conversión de 'float' a 'int'; posible pérdida de datos
D:\Descargas\CUESDK_3.0.301\CUESDK\examples\color_pulse_by_device_index\color_pulse_by_device_index\color_pulse_by_device_index.cpp(239,67): warning C4244: 'argumento': conversión de 'double' a 'float'; posible pérdida de datos
D:\Descargas\CUESDK_3.0.301\CUESDK\examples\color_pulse_by_device_index\color_pulse_by_device_index\color_pulse_by_device_index.cpp(239,74): warning C4244: '=': conversión de 'float' a 'int'; posible pérdida de datos
D:\Descargas\CUESDK_3.0.301\CUESDK\examples\color_pulse_by_device_index\color_pulse_by_device_index\color_pulse_by_device_index.cpp(243,66): warning C4244: 'argumento': conversión de 'double' a 'float'; posible pérdida de datos
D:\Descargas\CUESDK_3.0.301\CUESDK\examples\color_pulse_by_device_index\color_pulse_by_device_index\color_pulse_by_device_index.cpp(243,75): warning C4244: '=': conversión de 'float' a 'int'; posible pérdida de datos
D:\Descargas\CUESDK_3.0.301\CUESDK\examples\color_pulse_by_device_index\color_pulse_by_device_index\color_pulse_by_device_index.cpp(244,66): warning C4244: 'argumento': conversión de 'double' a 'float'; posible pérdida de datos
D:\Descargas\CUESDK_3.0.301\CUESDK\examples\color_pulse_by_device_index\color_pulse_by_device_index\color_pulse_by_device_index.cpp(244,75): warning C4244: '=': conversión de 'float' a 'int'; posible pérdida de datos
D:\Descargas\CUESDK_3.0.301\CUESDK\examples\color_pulse_by_device_index\color_pulse_by_device_index\color_pulse_by_device_index.cpp(245,66): warning C4244: 'argumento': conversión de 'double' a 'float'; posible pérdida de datos
D:\Descargas\CUESDK_3.0.301\CUESDK\examples\color_pulse_by_device_index\color_pulse_by_device_index\color_pulse_by_device_index.cpp(245,75): warning C4244: '=': conversión de 'float' a 'int'; posible pérdida de datos
D:\Descargas\CUESDK_3.0.301\CUESDK\examples\color_pulse_by_device_index\color_pulse_by_device_index\color_pulse_by_device_index.cpp(249,67): warning C4244: 'argumento': conversión de 'double' a 'float'; posible pérdida de datos
D:\Descargas\CUESDK_3.0.301\CUESDK\examples\color_pulse_by_device_index\color_pulse_by_device_index\color_pulse_by_device_index.cpp(249,74): warning C4244: '=': conversión de 'float' a 'int'; posible pérdida de datos
D:\Descargas\CUESDK_3.0.301\CUESDK\examples\color_pulse_by_device_index\color_pulse_by_device_index\color_pulse_by_device_index.cpp(250,67): warning C4244: 'argumento': conversión de 'double' a 'float'; posible pérdida de datos
D:\Descargas\CUESDK_3.0.301\CUESDK\examples\color_pulse_by_device_index\color_pulse_by_device_index\color_pulse_by_device_index.cpp(250,74): warning C4244: '=': conversión de 'float' a 'int'; posible pérdida de datos
D:\Descargas\CUESDK_3.0.301\CUESDK\examples\color_pulse_by_device_index\color_pulse_by_device_index\color_pulse_by_device_index.cpp(251,67): warning C4244: 'argumento': conversión de 'double' a 'float'; posible pérdida de datos
D:\Descargas\CUESDK_3.0.301\CUESDK\examples\color_pulse_by_device_index\color_pulse_by_device_index\color_pulse_by_device_index.cpp(251,74): warning C4244: '=': conversión de 'float' a 'int'; posible pérdida de datos
D:\Descargas\CUESDK_3.0.301\CUESDK\examples\color_pulse_by_device_index\color_pulse_by_device_index\color_pulse_by_device_index.cpp(254,66): warning C4244: 'argumento': conversión de 'double' a 'float'; posible pérdida de datos
D:\Descargas\CUESDK_3.0.301\CUESDK\examples\color_pulse_by_device_index\color_pulse_by_device_index\color_pulse_by_device_index.cpp(254,74): warning C4244: '=': conversión de 'float' a 'int'; posible pérdida de datos
D:\Descargas\CUESDK_3.0.301\CUESDK\examples\color_pulse_by_device_index\color_pulse_by_device_index\color_pulse_by_device_index.cpp(255,66): warning C4244: 'argumento': conversión de 'double' a 'float'; posible pérdida de datos
D:\Descargas\CUESDK_3.0.301\CUESDK\examples\color_pulse_by_device_index\color_pulse_by_device_index\color_pulse_by_device_index.cpp(255,74): warning C4244: '=': conversión de 'float' a 'int'; posible pérdida de datos
D:\Descargas\CUESDK_3.0.301\CUESDK\examples\color_pulse_by_device_index\color_pulse_by_device_index\color_pulse_by_device_index.cpp(256,66): warning C4244: 'argumento': conversión de 'double' a 'float'; posible pérdida de datos
D:\Descargas\CUESDK_3.0.301\CUESDK\examples\color_pulse_by_device_index\color_pulse_by_device_index\color_pulse_by_device_index.cpp(256,74): warning C4244: '=': conversión de 'float' a 'int'; posible pérdida de datos
D:\Descargas\CUESDK_3.0.301\CUESDK\examples\color_pulse_by_device_index\color_pulse_by_device_index\color_pulse_by_device_index.cpp(260,67): warning C4244: 'argumento': conversión de 'double' a 'float'; posible pérdida de datos
D:\Descargas\CUESDK_3.0.301\CUESDK\examples\color_pulse_by_device_index\color_pulse_by_device_index\color_pulse_by_device_index.cpp(260,74): warning C4244: '=': conversión de 'float' a 'int'; posible pérdida de datos
D:\Descargas\CUESDK_3.0.301\CUESDK\examples\color_pulse_by_device_index\color_pulse_by_device_index\color_pulse_by_device_index.cpp(261,67): warning C4244: 'argumento': conversión de 'double' a 'float'; posible pérdida de datos
D:\Descargas\CUESDK_3.0.301\CUESDK\examples\color_pulse_by_device_index\color_pulse_by_device_index\color_pulse_by_device_index.cpp(261,74): warning C4244: '=': conversión de 'float' a 'int'; posible pérdida de datos
D:\Descargas\CUESDK_3.0.301\CUESDK\examples\color_pulse_by_device_index\color_pulse_by_device_index\color_pulse_by_device_index.cpp(262,67): warning C4244: 'argumento': conversión de 'double' a 'float'; posible pérdida de datos
D:\Descargas\CUESDK_3.0.301\CUESDK\examples\color_pulse_by_device_index\color_pulse_by_device_index\color_pulse_by_device_index.cpp(262,74): warning C4244: '=': conversión de 'float' a 'int'; posible pérdida de datos
D:\Descargas\CUESDK_3.0.301\CUESDK\examples\color_pulse_by_device_index\color_pulse_by_device_index\color_pulse_by_device_index.cpp(265,66): warning C4244: 'argumento': conversión de 'double' a 'float'; posible pérdida de datos
D:\Descargas\CUESDK_3.0.301\CUESDK\examples\color_pulse_by_device_index\color_pulse_by_device_index\color_pulse_by_device_index.cpp(265,74): warning C4244: '=': conversión de 'float' a 'int'; posible pérdida de datos
D:\Descargas\CUESDK_3.0.301\CUESDK\examples\color_pulse_by_device_index\color_pulse_by_device_index\color_pulse_by_device_index.cpp(266,66): warning C4244: 'argumento': conversión de 'double' a 'float'; posible pérdida de datos
D:\Descargas\CUESDK_3.0.301\CUESDK\examples\color_pulse_by_device_index\color_pulse_by_device_index\color_pulse_by_device_index.cpp(266,74): warning C4244: '=': conversión de 'float' a 'int'; posible pérdida de datos
D:\Descargas\CUESDK_3.0.301\CUESDK\examples\color_pulse_by_device_index\color_pulse_by_device_index\color_pulse_by_device_index.cpp(267,66): warning C4244: 'argumento': conversión de 'double' a 'float'; posible pérdida de datos
D:\Descargas\CUESDK_3.0.301\CUESDK\examples\color_pulse_by_device_index\color_pulse_by_device_index\color_pulse_by_device_index.cpp(267,74): warning C4244: '=': conversión de 'float' a 'int'; posible pérdida de datos
D:\Descargas\CUESDK_3.0.301\CUESDK\examples\color_pulse_by_device_index\color_pulse_by_device_index\color_pulse_by_device_index.cpp(282,46): warning C4305: '+=': truncamiento de 'double' a 'float'
D:\Descargas\CUESDK_3.0.301\CUESDK\examples\color_pulse_by_device_index\color_pulse_by_device_index\color_pulse_by_device_index.cpp(289,68): warning C4244: 'argumento': conversión de 'double' a 'float'; posible pérdida de datos
D:\Descargas\CUESDK_3.0.301\CUESDK\examples\color_pulse_by_device_index\color_pulse_by_device_index\color_pulse_by_device_index.cpp(289,75): warning C4244: '=': conversión de 'float' a 'int'; posible pérdida de datos
D:\Descargas\CUESDK_3.0.301\CUESDK\examples\color_pulse_by_device_index\color_pulse_by_device_index\color_pulse_by_device_index.cpp(290,68): warning C4244: 'argumento': conversión de 'double' a 'float'; posible pérdida de datos
D:\Descargas\CUESDK_3.0.301\CUESDK\examples\color_pulse_by_device_index\color_pulse_by_device_index\color_pulse_by_device_index.cpp(290,75): warning C4244: '=': conversión de 'float' a 'int'; posible pérdida de datos
D:\Descargas\CUESDK_3.0.301\CUESDK\examples\color_pulse_by_device_index\color_pulse_by_device_index\color_pulse_by_device_index.cpp(291,68): warning C4244: 'argumento': conversión de 'double' a 'float'; posible pérdida de datos
D:\Descargas\CUESDK_3.0.301\CUESDK\examples\color_pulse_by_device_index\color_pulse_by_device_index\color_pulse_by_device_index.cpp(291,75): warning C4244: '=': conversión de 'float' a 'int'; posible pérdida de datos
D:\Descargas\CUESDK_3.0.301\CUESDK\examples\color_pulse_by_device_index\color_pulse_by_device_index\color_pulse_by_device_index.cpp(295,67): warning C4244: 'argumento': conversión de 'double' a 'float'; posible pérdida de datos
D:\Descargas\CUESDK_3.0.301\CUESDK\examples\color_pulse_by_device_index\color_pulse_by_device_index\color_pulse_by_device_index.cpp(295,75): warning C4244: '=': conversión de 'float' a 'int'; posible pérdida de datos
D:\Descargas\CUESDK_3.0.301\CUESDK\examples\color_pulse_by_device_index\color_pulse_by_device_index\color_pulse_by_device_index.cpp(296,67): warning C4244: 'argumento': conversión de 'double' a 'float'; posible pérdida de datos
D:\Descargas\CUESDK_3.0.301\CUESDK\examples\color_pulse_by_device_index\color_pulse_by_device_index\color_pulse_by_device_index.cpp(296,75): warning C4244: '=': conversión de 'float' a 'int'; posible pérdida de datos
D:\Descargas\CUESDK_3.0.301\CUESDK\examples\color_pulse_by_device_index\color_pulse_by_device_index\color_pulse_by_device_index.cpp(297,67): warning C4244: 'argumento': conversión de 'double' a 'float'; posible pérdida de datos
D:\Descargas\CUESDK_3.0.301\CUESDK\examples\color_pulse_by_device_index\color_pulse_by_device_index\color_pulse_by_device_index.cpp(297,75): warning C4244: '=': conversión de 'float' a 'int'; posible pérdida de datos
D:\Descargas\CUESDK_3.0.301\CUESDK\examples\color_pulse_by_device_index\color_pulse_by_device_index\color_pulse_by_device_index.cpp(301,68): warning C4244: 'argumento': conversión de 'double' a 'float'; posible pérdida de datos
D:\Descargas\CUESDK_3.0.301\CUESDK\examples\color_pulse_by_device_index\color_pulse_by_device_index\color_pulse_by_device_index.cpp(301,75): warning C4244: '=': conversión de 'float' a 'int'; posible pérdida de datos
D:\Descargas\CUESDK_3.0.301\CUESDK\examples\color_pulse_by_device_index\color_pulse_by_device_index\color_pulse_by_device_index.cpp(302,68): warning C4244: 'argumento': conversión de 'double' a 'float'; posible pérdida de datos
D:\Descargas\CUESDK_3.0.301\CUESDK\examples\color_pulse_by_device_index\color_pulse_by_device_index\color_pulse_by_device_index.cpp(302,75): warning C4244: '=': conversión de 'float' a 'int'; posible pérdida de datos
D:\Descargas\CUESDK_3.0.301\CUESDK\examples\color_pulse_by_device_index\color_pulse_by_device_index\color_pulse_by_device_index.cpp(303,68): warning C4244: 'argumento': conversión de 'double' a 'float'; posible pérdida de datos
D:\Descargas\CUESDK_3.0.301\CUESDK\examples\color_pulse_by_device_index\color_pulse_by_device_index\color_pulse_by_device_index.cpp(303,75): warning C4244: '=': conversión de 'float' a 'int'; posible pérdida de datos
D:\Descargas\CUESDK_3.0.301\CUESDK\examples\color_pulse_by_device_index\color_pulse_by_device_index\color_pulse_by_device_index.cpp(306,67): warning C4244: 'argumento': conversión de 'double' a 'float'; posible pérdida de datos
D:\Descargas\CUESDK_3.0.301\CUESDK\examples\color_pulse_by_device_index\color_pulse_by_device_index\color_pulse_by_device_index.cpp(306,75): warning C4244: '=': conversión de 'float' a 'int'; posible pérdida de datos
D:\Descargas\CUESDK_3.0.301\CUESDK\examples\color_pulse_by_device_index\color_pulse_by_device_index\color_pulse_by_device_index.cpp(307,67): warning C4244: 'argumento': conversión de 'double' a 'float'; posible pérdida de datos
D:\Descargas\CUESDK_3.0.301\CUESDK\examples\color_pulse_by_device_index\color_pulse_by_device_index\color_pulse_by_device_index.cpp(307,75): warning C4244: '=': conversión de 'float' a 'int'; posible pérdida de datos
D:\Descargas\CUESDK_3.0.301\CUESDK\examples\color_pulse_by_device_index\color_pulse_by_device_index\color_pulse_by_device_index.cpp(308,67): warning C4244: 'argumento': conversión de 'double' a 'float'; posible pérdida de datos
D:\Descargas\CUESDK_3.0.301\CUESDK\examples\color_pulse_by_device_index\color_pulse_by_device_index\color_pulse_by_device_index.cpp(308,75): warning C4244: '=': conversión de 'float' a 'int'; posible pérdida de datos
D:\Descargas\CUESDK_3.0.301\CUESDK\examples\color_pulse_by_device_index\color_pulse_by_device_index\color_pulse_by_device_index.cpp(312,68): warning C4244: 'argumento': conversión de 'double' a 'float'; posible pérdida de datos
D:\Descargas\CUESDK_3.0.301\CUESDK\examples\color_pulse_by_device_index\color_pulse_by_device_index\color_pulse_by_device_index.cpp(312,75): warning C4244: '=': conversión de 'float' a 'int'; posible pérdida de datos
D:\Descargas\CUESDK_3.0.301\CUESDK\examples\color_pulse_by_device_index\color_pulse_by_device_index\color_pulse_by_device_index.cpp(313,68): warning C4244: 'argumento': conversión de 'double' a 'float'; posible pérdida de datos
D:\Descargas\CUESDK_3.0.301\CUESDK\examples\color_pulse_by_device_index\color_pulse_by_device_index\color_pulse_by_device_index.cpp(313,75): warning C4244: '=': conversión de 'float' a 'int'; posible pérdida de datos
D:\Descargas\CUESDK_3.0.301\CUESDK\examples\color_pulse_by_device_index\color_pulse_by_device_index\color_pulse_by_device_index.cpp(314,68): warning C4244: 'argumento': conversión de 'double' a 'float'; posible pérdida de datos
D:\Descargas\CUESDK_3.0.301\CUESDK\examples\color_pulse_by_device_index\color_pulse_by_device_index\color_pulse_by_device_index.cpp(314,75): warning C4244: '=': conversión de 'float' a 'int'; posible pérdida de datos
D:\Descargas\CUESDK_3.0.301\CUESDK\examples\color_pulse_by_device_index\color_pulse_by_device_index\color_pulse_by_device_index.cpp(317,67): warning C4244: 'argumento': conversión de 'double' a 'float'; posible pérdida de datos
D:\Descargas\CUESDK_3.0.301\CUESDK\examples\color_pulse_by_device_index\color_pulse_by_device_index\color_pulse_by_device_index.cpp(317,75): warning C4244: '=': conversión de 'float' a 'int'; posible pérdida de datos
D:\Descargas\CUESDK_3.0.301\CUESDK\examples\color_pulse_by_device_index\color_pulse_by_device_index\color_pulse_by_device_index.cpp(318,67): warning C4244: 'argumento': conversión de 'double' a 'float'; posible pérdida de datos
D:\Descargas\CUESDK_3.0.301\CUESDK\examples\color_pulse_by_device_index\color_pulse_by_device_index\color_pulse_by_device_index.cpp(318,75): warning C4244: '=': conversión de 'float' a 'int'; posible pérdida de datos
D:\Descargas\CUESDK_3.0.301\CUESDK\examples\color_pulse_by_device_index\color_pulse_by_device_index\color_pulse_by_device_index.cpp(319,67): warning C4244: 'argumento': conversión de 'double' a 'float'; posible pérdida de datos
D:\Descargas\CUESDK_3.0.301\CUESDK\examples\color_pulse_by_device_index\color_pulse_by_device_index\color_pulse_by_device_index.cpp(319,75): warning C4244: '=': conversión de 'float' a 'int'; posible pérdida de datos
D:\Descargas\CUESDK_3.0.301\CUESDK\examples\color_pulse_by_device_index\color_pulse_by_device_index\color_pulse_by_device_index.cpp(325,73): warning C4244: 'argumento': conversión de 'double' a 'float'; posible pérdida de datos
D:\Descargas\CUESDK_3.0.301\CUESDK\examples\color_pulse_by_device_index\color_pulse_by_device_index\color_pulse_by_device_index.cpp(326,29): warning C4244: '=': conversión de 'float' a 'int'; posible pérdida de datos
D:\Descargas\CUESDK_3.0.301\CUESDK\examples\color_pulse_by_device_index\color_pulse_by_device_index\color_pulse_by_device_index.cpp(328,75): warning C4244: 'argumento': conversión de 'double' a 'float'; posible pérdida de datos
D:\Descargas\CUESDK_3.0.301\CUESDK\examples\color_pulse_by_device_index\color_pulse_by_device_index\color_pulse_by_device_index.cpp(329,31): warning C4244: '=': conversión de 'float' a 'int'; posible pérdida de datos
D:\Descargas\CUESDK_3.0.301\CUESDK\examples\color_pulse_by_device_index\color_pulse_by_device_index\color_pulse_by_device_index.cpp(331,74): warning C4244: 'argumento': conversión de 'double' a 'float'; posible pérdida de datos
D:\Descargas\CUESDK_3.0.301\CUESDK\examples\color_pulse_by_device_index\color_pulse_by_device_index\color_pulse_by_device_index.cpp(332,30): warning C4244: '=': conversión de 'float' a 'int'; posible pérdida de datos
D:\Descargas\CUESDK_3.0.301\CUESDK\examples\color_pulse_by_device_index\color_pulse_by_device_index\color_pulse_by_device_index.cpp(336,67): warning C4244: 'argumento': conversión de 'double' a 'float'; posible pérdida de datos
D:\Descargas\CUESDK_3.0.301\CUESDK\examples\color_pulse_by_device_index\color_pulse_by_device_index\color_pulse_by_device_index.cpp(336,75): warning C4244: '=': conversión de 'float' a 'int'; posible pérdida de datos
D:\Descargas\CUESDK_3.0.301\CUESDK\examples\color_pulse_by_device_index\color_pulse_by_device_index\color_pulse_by_device_index.cpp(337,67): warning C4244: 'argumento': conversión de 'double' a 'float'; posible pérdida de datos
D:\Descargas\CUESDK_3.0.301\CUESDK\examples\color_pulse_by_device_index\color_pulse_by_device_index\color_pulse_by_device_index.cpp(337,75): warning C4244: '=': conversión de 'float' a 'int'; posible pérdida de datos
D:\Descargas\CUESDK_3.0.301\CUESDK\examples\color_pulse_by_device_index\color_pulse_by_device_index\color_pulse_by_device_index.cpp(338,67): warning C4244: 'argumento': conversión de 'double' a 'float'; posible pérdida de datos
D:\Descargas\CUESDK_3.0.301\CUESDK\examples\color_pulse_by_device_index\color_pulse_by_device_index\color_pulse_by_device_index.cpp(338,75): warning C4244: '=': conversión de 'float' a 'int'; posible pérdida de datos
D:\Descargas\CUESDK_3.0.301\CUESDK\examples\color_pulse_by_device_index\color_pulse_by_device_index\color_pulse_by_device_index.cpp(342,73): warning C4244: 'argumento': conversión de 'double' a 'float'; posible pérdida de datos
D:\Descargas\CUESDK_3.0.301\CUESDK\examples\color_pulse_by_device_index\color_pulse_by_device_index\color_pulse_by_device_index.cpp(343,29): warning C4244: '=': conversión de 'float' a 'int'; posible pérdida de datos
D:\Descargas\CUESDK_3.0.301\CUESDK\examples\color_pulse_by_device_index\color_pulse_by_device_index\color_pulse_by_device_index.cpp(345,75): warning C4244: 'argumento': conversión de 'double' a 'float'; posible pérdida de datos
D:\Descargas\CUESDK_3.0.301\CUESDK\examples\color_pulse_by_device_index\color_pulse_by_device_index\color_pulse_by_device_index.cpp(346,31): warning C4244: '=': conversión de 'float' a 'int'; posible pérdida de datos
D:\Descargas\CUESDK_3.0.301\CUESDK\examples\color_pulse_by_device_index\color_pulse_by_device_index\color_pulse_by_device_index.cpp(348,74): warning C4244: 'argumento': conversión de 'double' a 'float'; posible pérdida de datos
D:\Descargas\CUESDK_3.0.301\CUESDK\examples\color_pulse_by_device_index\color_pulse_by_device_index\color_pulse_by_device_index.cpp(349,30): warning C4244: '=': conversión de 'float' a 'int'; posible pérdida de datos
  color_pulse_by_device_index.vcxproj -> D:\Descargas\CUESDK_3.0.301\CUESDK\examples\color_pulse_by_device_index\x64\Debug\color_pulse_by_device_index.exe
  D:\Descargas\CUESDK_3.0.301\CUESDK\examples\color_pulse_by_device_index\..\..\redist\x64\CUESDK.x64_2012.dll
  D:\Descargas\CUESDK_3.0.301\CUESDK\examples\color_pulse_by_device_index\..\..\redist\x64\CUESDK.x64_2013.dll
  D:\Descargas\CUESDK_3.0.301\CUESDK\examples\color_pulse_by_device_index\..\..\redist\x64\CUESDK.x64_2015.dll
  D:\Descargas\CUESDK_3.0.301\CUESDK\examples\color_pulse_by_device_index\..\..\redist\x64\CUESDK.x64_2017.dll
  4 archivo(s) copiado(s)
